geolocation/build/intermediates/manifest_merge_blame_file/debug/processDebugManifest/manifest-merger-blame-debug-report.txt
1<?xml version="1.0" encoding="utf-8"?>
2<manifest xmlns:android="http://schemas.android.com/apk/res/android"
3    package="com.geosolution.geolocation" >
4
5    <uses-sdk android:minSdkVersion="24" />
6
7    <uses-permission android:name="android.permission.ACCESS_COARSE_LOCATION" />
7-->src\main\AndroidManifest.xml:4:5-81
7-->src\main\AndroidManifest.xml:4:22-78
8    <uses-permission android:name="android.permission.ACCESS_FINE_LOCATION" />
8-->src\main\AndroidManifest.xml:5:5-79
8-->src\main\AndroidManifest.xml:5:22-76
9    <uses-permission android:name="android.permission.ACCESS_BACKGROUND_LOCATION" />
9-->src\main\AndroidManifest.xml:6:5-85
9-->src\main\AndroidManifest.xml:6:22-82
10
11    <application>
11-->src\main\AndroidManifest.xml:8:5-22:19
12        <activity
12-->src\main\AndroidManifest.xml:9:9-12:55
13            android:name="com.geosolution.geolocation.GeoLocationActivity"
13-->src\main\AndroidManifest.xml:10:13-48
14            android:launchMode="singleTask"
14-->src\main\AndroidManifest.xml:11:13-44
15            android:theme="@style/GeoLocationTheme" />
15-->src\main\AndroidManifest.xml:12:13-52
16
17        <receiver
17-->src\main\AndroidManifest.xml:14:9-21:20
18            android:name="com.geosolution.geolocation.LocationBroadcastReceiver"
18-->src\main\AndroidManifest.xml:15:13-54
19            android:enabled="true"
19-->src\main\AndroidManifest.xml:16:13-35
20            android:exported="false" >
20-->src\main\AndroidManifest.xml:17:13-37
21            <intent-filter>
21-->src\main\AndroidManifest.xml:18:13-20:29
22                <action android:name="com.geosolution.geolocation.LocationProvider.LocationBroadcastReceiver.action.PROCESS_UPDATES" />
22-->src\main\AndroidManifest.xml:19:17-136
22-->src\main\AndroidManifest.xml:19:25-133
23            </intent-filter>
24        </receiver>
25    </application>
26
27</manifest>